"Start of log file."
"G:/Unity/UNITYP~1/THEMUS~1/Assets/Prefabs/Enemies/WHITER~1.MAX"
"Starting max loading and fbx conversion"
window = undefined
"Settings units"
"Before fbx export"
"After fbx export"
"Finished max loading and fbx conversion"
"G:/Unity/UNITYP~1/THEMUS~1/Assets/Prefabs/Keys/gamekeys.max"
"Starting max loading and fbx conversion"
window = undefined
"Settings units"
"Before fbx export"
"After fbx export"
"Finished max loading and fbx conversion"
"G:/Unity/UNITYP~1/THEMUS~1/Assets/Prefabs/girl_fbx.max"
"Starting max loading and fbx conversion"
window = undefined
"Settings units"
"Before fbx export"
"After fbx export"
"Finished max loading and fbx conversion"
